2020-01-04 12:06:09.368  INFO DESKTOP-D81905L --- [           main] c.b.g.LinGangApplication                 : Starting LinGangApplication on DESKTOP-D81905L with PID 13936 (started by seven in D:\Oblivion\Documents\Idea Workspace\lingang)
2020-01-04 12:06:09.431  INFO DESKTOP-D81905L --- [           main] c.b.g.LinGangApplication                 : No active profile set, falling back to default profiles: default
2020-01-04 12:06:10.953  INFO DESKTOP-D81905L --- [           main] .s.d.r.c.RepositoryConfigurationDelegate : Multiple Spring Data modules found, entering strict repository configuration mode!
2020-01-04 12:06:10.960  INFO DESKTOP-D81905L --- [           main] .s.d.r.c.RepositoryConfigurationDelegate : Bootstrapping Spring Data repositories in DEFAULT mode.
2020-01-04 12:06:11.003  INFO DESKTOP-D81905L --- [           main] .s.d.r.c.RepositoryConfigurationDelegate : Finished Spring Data repository scanning in 18ms. Found 0 repository interfaces.
2020-01-04 12:06:11.510  INFO DESKTOP-D81905L --- [           main] trationDelegate$BeanPostProcessorChecker : Bean 'org.springframework.transaction.annotation.ProxyTransactionManagementConfiguration' of type [org.springframework.transaction.annotation.ProxyTransactionManagementConfiguration] is not eligible for getting processed by all BeanPostProcessors (for example: not eligible for auto-proxying)
2020-01-04 12:06:12.054  INFO DESKTOP-D81905L --- [           main] o.s.b.w.e.t.TomcatWebServer              : Tomcat initialized with port(s): 8081 (http)
2020-01-04 12:06:12.073  INFO DESKTOP-D81905L --- [           main] o.a.c.h.Http11NioProtocol                : Initializing ProtocolHandler ["http-nio-8081"]
2020-01-04 12:06:12.076  INFO DESKTOP-D81905L --- [           main] o.a.c.c.StandardService                  : Starting service [Tomcat]
2020-01-04 12:06:12.077  INFO DESKTOP-D81905L --- [           main] o.a.c.c.StandardEngine                   : Starting Servlet engine: [Apache Tomcat/9.0.27]
2020-01-04 12:06:12.411  INFO DESKTOP-D81905L --- [           main] o.a.c.c.C.[.[.[/]                        : Initializing Spring embedded WebApplicationContext
2020-01-04 12:06:12.411  INFO DESKTOP-D81905L --- [           main] o.s.w.c.ContextLoader                    : Root WebApplicationContext: initialization completed in 2899 ms
2020-01-04 12:06:13.671  WARN DESKTOP-D81905L --- [           main] o.t.t.TemplateMode                       : [THYMELEAF][main] Template Mode 'HTML5' is deprecated. Using Template Mode 'HTML' instead.
2020-01-04 12:06:14.375  INFO DESKTOP-D81905L --- [           main] o.s.s.c.ThreadPoolTaskExecutor           : Initializing ExecutorService 'applicationTaskExecutor'
2020-01-04 12:06:14.468  INFO DESKTOP-D81905L --- [           main] o.s.b.a.w.s.WelcomePageHandlerMapping    : Adding welcome page template: index
2020-01-04 12:06:14.835  INFO DESKTOP-D81905L --- [           main] d.s.w.p.DocumentationPluginsBootstrapper : Context refreshed
2020-01-04 12:06:14.862  INFO DESKTOP-D81905L --- [           main] d.s.w.p.DocumentationPluginsBootstrapper : Found 1 custom documentation plugin(s)
2020-01-04 12:06:14.878  INFO DESKTOP-D81905L --- [           main] s.d.s.w.s.ApiListingReferenceScanner     : Scanning for api listing references
2020-01-04 12:06:14.906  INFO DESKTOP-D81905L --- [           main] o.a.c.h.Http11NioProtocol                : Starting ProtocolHandler ["http-nio-8081"]
2020-01-04 12:06:14.945  INFO DESKTOP-D81905L --- [           main] o.s.b.w.e.t.TomcatWebServer              : Tomcat started on port(s): 8081 (http) with context path ''
2020-01-04 12:06:14.950  INFO DESKTOP-D81905L --- [           main] c.b.g.LinGangApplication                 : Started LinGangApplication in 6.123 seconds (JVM running for 9.802)
2020-01-04 12:06:19.039  INFO DESKTOP-D81905L --- [nio-8081-exec-2] o.a.c.c.C.[.[.[/]                        : Initializing Spring DispatcherServlet 'dispatcherServlet'
2020-01-04 12:06:19.040  INFO DESKTOP-D81905L --- [nio-8081-exec-2] o.s.w.s.DispatcherServlet                : Initializing Servlet 'dispatcherServlet'
2020-01-04 12:06:19.049  INFO DESKTOP-D81905L --- [nio-8081-exec-2] o.s.w.s.DispatcherServlet                : Completed initialization in 9 ms
2020-01-04 12:08:48.089  WARN DESKTOP-D81905L --- [nio-8081-exec-7] .w.s.m.s.DefaultHandlerExceptionResolver : Resolved [org.springframework.http.converter.HttpMessageNotReadableException: JSON parse error: Unexpected character ('}' (code 125)): was expecting double-quote to start field name; nested exception is com.fasterxml.jackson.core.JsonParseException: Unexpected character ('}' (code 125)): was expecting double-quote to start field name
 at [Source: (PushbackInputStream); line: 8, column: 2]]
2020-01-04 12:08:48.553  WARN DESKTOP-D81905L --- [nio-8081-exec-9] .w.s.m.s.DefaultHandlerExceptionResolver : Resolved [org.springframework.http.converter.HttpMessageNotReadableException: JSON parse error: Unexpected character ('}' (code 125)): was expecting double-quote to start field name; nested exception is com.fasterxml.jackson.core.JsonParseException: Unexpected character ('}' (code 125)): was expecting double-quote to start field name
 at [Source: (PushbackInputStream); line: 8, column: 2]]
2020-01-04 12:08:52.879  WARN DESKTOP-D81905L --- [nio-8081-exec-1] .w.s.m.s.DefaultHandlerExceptionResolver : Resolved [org.springframework.http.converter.HttpMessageNotReadableException: JSON parse error: Unexpected character ('}' (code 125)): was expecting double-quote to start field name; nested exception is com.fasterxml.jackson.core.JsonParseException: Unexpected character ('}' (code 125)): was expecting double-quote to start field name
 at [Source: (PushbackInputStream); line: 12, column: 2]]
2020-01-04 12:08:59.079  WARN DESKTOP-D81905L --- [nio-8081-exec-3] .w.s.m.s.DefaultHandlerExceptionResolver : Resolved [org.springframework.http.converter.HttpMessageNotReadableException: JSON parse error: Unexpected character ('}' (code 125)): was expecting double-quote to start field name; nested exception is com.fasterxml.jackson.core.JsonParseException: Unexpected character ('}' (code 125)): was expecting double-quote to start field name
 at [Source: (PushbackInputStream); line: 19, column: 2]]
2020-01-04 15:37:40.062  INFO DESKTOP-D81905L --- [           main] c.b.g.LinGangApplication                 : Starting LinGangApplication on DESKTOP-D81905L with PID 1344 (started by seven in D:\Oblivion\Documents\Idea Workspace\lingang)
2020-01-04 15:37:40.076  INFO DESKTOP-D81905L --- [           main] c.b.g.LinGangApplication                 : No active profile set, falling back to default profiles: default
2020-01-04 15:37:41.585  INFO DESKTOP-D81905L --- [           main] .s.d.r.c.RepositoryConfigurationDelegate : Multiple Spring Data modules found, entering strict repository configuration mode!
2020-01-04 15:37:41.592  INFO DESKTOP-D81905L --- [           main] .s.d.r.c.RepositoryConfigurationDelegate : Bootstrapping Spring Data repositories in DEFAULT mode.
2020-01-04 15:37:41.638  INFO DESKTOP-D81905L --- [           main] .s.d.r.c.RepositoryConfigurationDelegate : Finished Spring Data repository scanning in 22ms. Found 0 repository interfaces.
2020-01-04 15:37:42.378  INFO DESKTOP-D81905L --- [           main] trationDelegate$BeanPostProcessorChecker : Bean 'org.springframework.transaction.annotation.ProxyTransactionManagementConfiguration' of type [org.springframework.transaction.annotation.ProxyTransactionManagementConfiguration] is not eligible for getting processed by all BeanPostProcessors (for example: not eligible for auto-proxying)
2020-01-04 15:37:42.813  INFO DESKTOP-D81905L --- [           main] o.s.b.w.e.t.TomcatWebServer              : Tomcat initialized with port(s): 8081 (http)
2020-01-04 15:37:42.829  INFO DESKTOP-D81905L --- [           main] o.a.c.h.Http11NioProtocol                : Initializing ProtocolHandler ["http-nio-8081"]
2020-01-04 15:37:42.831  INFO DESKTOP-D81905L --- [           main] o.a.c.c.StandardService                  : Starting service [Tomcat]
2020-01-04 15:37:42.832  INFO DESKTOP-D81905L --- [           main] o.a.c.c.StandardEngine                   : Starting Servlet engine: [Apache Tomcat/9.0.27]
2020-01-04 15:37:43.116  INFO DESKTOP-D81905L --- [           main] o.a.c.c.C.[.[.[/]                        : Initializing Spring embedded WebApplicationContext
2020-01-04 15:37:43.117  INFO DESKTOP-D81905L --- [           main] o.s.w.c.ContextLoader                    : Root WebApplicationContext: initialization completed in 2922 ms
2020-01-04 15:37:44.300  WARN DESKTOP-D81905L --- [           main] o.t.t.TemplateMode                       : [THYMELEAF][main] Template Mode 'HTML5' is deprecated. Using Template Mode 'HTML' instead.
2020-01-04 15:37:45.083  INFO DESKTOP-D81905L --- [           main] o.s.s.c.ThreadPoolTaskExecutor           : Initializing ExecutorService 'applicationTaskExecutor'
2020-01-04 15:37:45.158  INFO DESKTOP-D81905L --- [           main] o.s.b.a.w.s.WelcomePageHandlerMapping    : Adding welcome page template: index
2020-01-04 15:37:45.463  INFO DESKTOP-D81905L --- [           main] d.s.w.p.DocumentationPluginsBootstrapper : Context refreshed
2020-01-04 15:37:45.491  INFO DESKTOP-D81905L --- [           main] d.s.w.p.DocumentationPluginsBootstrapper : Found 1 custom documentation plugin(s)
2020-01-04 15:37:45.507  INFO DESKTOP-D81905L --- [           main] s.d.s.w.s.ApiListingReferenceScanner     : Scanning for api listing references
2020-01-04 15:37:45.533  INFO DESKTOP-D81905L --- [           main] o.a.c.h.Http11NioProtocol                : Starting ProtocolHandler ["http-nio-8081"]
2020-01-04 15:37:45.577  INFO DESKTOP-D81905L --- [           main] o.s.b.w.e.t.TomcatWebServer              : Tomcat started on port(s): 8081 (http) with context path ''
2020-01-04 15:37:45.582  INFO DESKTOP-D81905L --- [           main] c.b.g.LinGangApplication                 : Started LinGangApplication in 6.04 seconds (JVM running for 9.266)
2020-01-04 17:07:59.923  INFO DESKTOP-D81905L --- [           main] c.b.g.LinGangApplication                 : Starting LinGangApplication on DESKTOP-D81905L with PID 5012 (started by seven in D:\Oblivion\Documents\Idea Workspace\lingang)
2020-01-04 17:07:59.936  INFO DESKTOP-D81905L --- [           main] c.b.g.LinGangApplication                 : No active profile set, falling back to default profiles: default
2020-01-04 17:08:01.485  INFO DESKTOP-D81905L --- [           main] .s.d.r.c.RepositoryConfigurationDelegate : Multiple Spring Data modules found, entering strict repository configuration mode!
2020-01-04 17:08:01.492  INFO DESKTOP-D81905L --- [           main] .s.d.r.c.RepositoryConfigurationDelegate : Bootstrapping Spring Data repositories in DEFAULT mode.
2020-01-04 17:08:01.536  INFO DESKTOP-D81905L --- [           main] .s.d.r.c.RepositoryConfigurationDelegate : Finished Spring Data repository scanning in 20ms. Found 0 repository interfaces.
2020-01-04 17:08:02.036  INFO DESKTOP-D81905L --- [           main] trationDelegate$BeanPostProcessorChecker : Bean 'org.springframework.transaction.annotation.ProxyTransactionManagementConfiguration' of type [org.springframework.transaction.annotation.ProxyTransactionManagementConfiguration] is not eligible for getting processed by all BeanPostProcessors (for example: not eligible for auto-proxying)
2020-01-04 17:08:02.480  INFO DESKTOP-D81905L --- [           main] o.s.b.w.e.t.TomcatWebServer              : Tomcat initialized with port(s): 8081 (http)
2020-01-04 17:08:02.495  INFO DESKTOP-D81905L --- [           main] o.a.c.h.Http11NioProtocol                : Initializing ProtocolHandler ["http-nio-8081"]
2020-01-04 17:08:02.497  INFO DESKTOP-D81905L --- [           main] o.a.c.c.StandardService                  : Starting service [Tomcat]
2020-01-04 17:08:02.498  INFO DESKTOP-D81905L --- [           main] o.a.c.c.StandardEngine                   : Starting Servlet engine: [Apache Tomcat/9.0.27]
2020-01-04 17:08:02.783  INFO DESKTOP-D81905L --- [           main] o.a.c.c.C.[.[.[/]                        : Initializing Spring embedded WebApplicationContext
2020-01-04 17:08:02.783  INFO DESKTOP-D81905L --- [           main] o.s.w.c.ContextLoader                    : Root WebApplicationContext: initialization completed in 2726 ms
2020-01-04 17:08:03.175  WARN DESKTOP-D81905L --- [           main] ConfigServletWebServerApplicationContext : Exception encountered during context initialization - cancelling refresh attempt: org.springframework.beans.factory.UnsatisfiedDependencyException: Error creating bean with name 'ajaxController': Unsatisfied dependency expressed through field 'commonService'; nested exception is org.springframework.beans.factory.UnsatisfiedDependencyException: Error creating bean with name 'commonServiceImpl': Unsatisfied dependency expressed through field 'userMapper'; nested exception is org.springframework.beans.factory.UnsatisfiedDependencyException: Error creating bean with name 'userMapper' defined in file [D:\Oblivion\Documents\Idea Workspace\lingang\target\classes\com\boot\gang\mapper\UserMapper.class]: Unsatisfied dependency expressed through bean property 'sqlSessionFactory'; nested exception is org.springframework.beans.factory.BeanCreationException: Error creating bean with name 'sqlSessionFactory' defined in class path resource [org/mybatis/spring/boot/autoconfigure/MybatisAutoConfiguration.class]: Bean instantiation via factory method failed; nested exception is org.springframework.beans.BeanInstantiationException: Failed to instantiate [org.apache.ibatis.session.SqlSessionFactory]: Factory method 'sqlSessionFactory' threw exception; nested exception is org.springframework.core.NestedIOException: Failed to parse mapping resource: 'file [D:\Oblivion\Documents\Idea Workspace\lingang\target\classes\mapper\AddressMapper.xml]'; nested exception is org.apache.ibatis.builder.BuilderException: Error parsing Mapper XML. The XML location is 'file [D:\Oblivion\Documents\Idea Workspace\lingang\target\classes\mapper\AddressMapper.xml]'. Cause: java.lang.IllegalArgumentException: Result Maps collection already contains value for com.boot.gang.mapper.AddressMapper.BaseResultMap
2020-01-04 17:08:03.179  INFO DESKTOP-D81905L --- [           main] o.a.c.c.StandardService                  : Stopping service [Tomcat]
2020-01-04 17:08:03.195  INFO DESKTOP-D81905L --- [           main] ConditionEvaluationReportLoggingListener : 

Error starting ApplicationContext. To display the conditions report re-run your application with 'debug' enabled.
2020-01-04 17:08:03.207 ERROR DESKTOP-D81905L --- [           main] o.s.b.SpringApplication                  : Application run failed
org.springframework.beans.factory.UnsatisfiedDependencyException: Error creating bean with name 'ajaxController': Unsatisfied dependency expressed through field 'commonService'; nested exception is org.springframework.beans.factory.UnsatisfiedDependencyException: Error creating bean with name 'commonServiceImpl': Unsatisfied dependency expressed through field 'userMapper'; nested exception is org.springframework.beans.factory.UnsatisfiedDependencyException: Error creating bean with name 'userMapper' defined in file [D:\Oblivion\Documents\Idea Workspace\lingang\target\classes\com\boot\gang\mapper\UserMapper.class]: Unsatisfied dependency expressed through bean property 'sqlSessionFactory'; nested exception is org.springframework.beans.factory.BeanCreationException: Error creating bean with name 'sqlSessionFactory' defined in class path resource [org/mybatis/spring/boot/autoconfigure/MybatisAutoConfiguration.class]: Bean instantiation via factory method failed; nested exception is org.springframework.beans.BeanInstantiationException: Failed to instantiate [org.apache.ibatis.session.SqlSessionFactory]: Factory method 'sqlSessionFactory' threw exception; nested exception is org.springframework.core.NestedIOException: Failed to parse mapping resource: 'file [D:\Oblivion\Documents\Idea Workspace\lingang\target\classes\mapper\AddressMapper.xml]'; nested exception is org.apache.ibatis.builder.BuilderException: Error parsing Mapper XML. The XML location is 'file [D:\Oblivion\Documents\Idea Workspace\lingang\target\classes\mapper\AddressMapper.xml]'. Cause: java.lang.IllegalArgumentException: Result Maps collection already contains value for com.boot.gang.mapper.AddressMapper.BaseResultMap
	at org.springframework.beans.factory.annotation.AutowiredAnnotationBeanPostProcessor$AutowiredFieldElement.inject(AutowiredAnnotationBeanPostProcessor.java:639)
	at org.springframework.beans.factory.annotation.InjectionMetadata.inject(InjectionMetadata.java:116)
	at org.springframework.beans.factory.annotation.AutowiredAnnotationBeanPostProcessor.postProcessProperties(AutowiredAnnotationBeanPostProcessor.java:397)
	at org.springframework.beans.factory.support.AbstractAutowireCapableBeanFactory.populateBean(AbstractAutowireCapableBeanFactory.java:1429)
	at org.springframework.beans.factory.support.AbstractAutowireCapableBeanFactory.doCreateBean(AbstractAutowireCapableBeanFactory.java:594)
	at org.springframework.beans.factory.support.AbstractAutowireCapableBeanFactory.createBean(AbstractAutowireCapableBeanFactory.java:517)
	at org.springframework.beans.factory.support.AbstractBeanFactory.lambda$doGetBean$0(AbstractBeanFactory.java:323)
	at org.springframework.beans.factory.support.DefaultSingletonBeanRegistry.getSingleton(DefaultSingletonBeanRegistry.java:222)
	at org.springframework.beans.factory.support.AbstractBeanFactory.doGetBean(AbstractBeanFactory.java:321)
	at org.springframework.beans.factory.support.AbstractBeanFactory.getBean(AbstractBeanFactory.java:202)
	at org.springframework.beans.factory.support.DefaultListableBeanFactory.preInstantiateSingletons(DefaultListableBeanFactory.java:879)
	at org.springframework.context.support.AbstractApplicationContext.finishBeanFactoryInitialization(AbstractApplicationContext.java:878)
	at org.springframework.context.support.AbstractApplicationContext.refresh(AbstractApplicationContext.java:550)
	at org.springframework.boot.web.servlet.context.ServletWebServerApplicationContext.refresh(ServletWebServerApplicationContext.java:141)
	at org.springframework.boot.SpringApplication.refresh(SpringApplication.java:747)
	at org.springframework.boot.SpringApplication.refreshContext(SpringApplication.java:397)
	at org.springframework.boot.SpringApplication.run(SpringApplication.java:315)
	at org.springframework.boot.SpringApplication.run(SpringApplication.java:1226)
	at org.springframework.boot.SpringApplication.run(SpringApplication.java:1215)
	at com.boot.gang.LinGangApplication.main(LinGangApplication.java:13)
Caused by: org.springframework.beans.factory.UnsatisfiedDependencyException: Error creating bean with name 'commonServiceImpl': Unsatisfied dependency expressed through field 'userMapper'; nested exception is org.springframework.beans.factory.UnsatisfiedDependencyException: Error creating bean with name 'userMapper' defined in file [D:\Oblivion\Documents\Idea Workspace\lingang\target\classes\com\boot\gang\mapper\UserMapper.class]: Unsatisfied dependency expressed through bean property 'sqlSessionFactory'; nested exception is org.springframework.beans.factory.BeanCreationException: Error creating bean with name 'sqlSessionFactory' defined in class path resource [org/mybatis/spring/boot/autoconfigure/MybatisAutoConfiguration.class]: Bean instantiation via factory method failed; nested exception is org.springframework.beans.BeanInstantiationException: Failed to instantiate [org.apache.ibatis.session.SqlSessionFactory]: Factory method 'sqlSessionFactory' threw exception; nested exception is org.springframework.core.NestedIOException: Failed to parse mapping resource: 'file [D:\Oblivion\Documents\Idea Workspace\lingang\target\classes\mapper\AddressMapper.xml]'; nested exception is org.apache.ibatis.builder.BuilderException: Error parsing Mapper XML. The XML location is 'file [D:\Oblivion\Documents\Idea Workspace\lingang\target\classes\mapper\AddressMapper.xml]'. Cause: java.lang.IllegalArgumentException: Result Maps collection already contains value for com.boot.gang.mapper.AddressMapper.BaseResultMap
	at org.springframework.beans.factory.annotation.AutowiredAnnotationBeanPostProcessor$AutowiredFieldElement.inject(AutowiredAnnotationBeanPostProcessor.java:639)
	at org.springframework.beans.factory.annotation.InjectionMetadata.inject(InjectionMetadata.java:116)
	at org.springframework.beans.factory.annotation.AutowiredAnnotationBeanPostProcessor.postProcessProperties(AutowiredAnnotationBeanPostProcessor.java:397)
	at org.springframework.beans.factory.support.AbstractAutowireCapableBeanFactory.populateBean(AbstractAutowireCapableBeanFactory.java:1429)
	at org.springframework.beans.factory.support.AbstractAutowireCapableBeanFactory.doCreateBean(AbstractAutowireCapableBeanFactory.java:594)
	at org.springframework.beans.factory.support.AbstractAutowireCapableBeanFactory.createBean(AbstractAutowireCapableBeanFactory.java:517)
	at org.springframework.beans.factory.support.AbstractBeanFactory.lambda$doGetBean$0(AbstractBeanFactory.java:323)
	at org.springframework.beans.factory.support.DefaultSingletonBeanRegistry.getSingleton(DefaultSingletonBeanRegistry.java:222)
	at org.springframework.beans.factory.support.AbstractBeanFactory.doGetBean(AbstractBeanFactory.java:321)
	at org.springframework.beans.factory.support.AbstractBeanFactory.getBean(AbstractBeanFactory.java:202)
	at org.springframework.beans.factory.config.DependencyDescriptor.resolveCandidate(DependencyDescriptor.java:276)
	at org.springframework.beans.factory.support.DefaultListableBeanFactory.doResolveDependency(DefaultListableBeanFactory.java:1287)
	at org.springframework.beans.factory.support.DefaultListableBeanFactory.resolveDependency(DefaultListableBeanFactory.java:1207)
	at org.springframework.beans.factory.annotation.AutowiredAnnotationBeanPostProcessor$AutowiredFieldElement.inject(AutowiredAnnotationBeanPostProcessor.java:636)
	... 19 more
Caused by: org.springframework.beans.factory.UnsatisfiedDependencyException: Error creating bean with name 'userMapper' defined in file [D:\Oblivion\Documents\Idea Workspace\lingang\target\classes\com\boot\gang\mapper\UserMapper.class]: Unsatisfied dependency expressed through bean property 'sqlSessionFactory'; nested exception is org.springframework.beans.factory.BeanCreationException: Error creating bean with name 'sqlSessionFactory' defined in class path resource [org/mybatis/spring/boot/autoconfigure/MybatisAutoConfiguration.class]: Bean instantiation via factory method failed; nested exception is org.springframework.beans.BeanInstantiationException: Failed to instantiate [org.apache.ibatis.session.SqlSessionFactory]: Factory method 'sqlSessionFactory' threw exception; nested exception is org.springframework.core.NestedIOException: Failed to parse mapping resource: 'file [D:\Oblivion\Documents\Idea Workspace\lingang\target\classes\mapper\AddressMapper.xml]'; nested exception is org.apache.ibatis.builder.BuilderException: Error parsing Mapper XML. The XML location is 'file [D:\Oblivion\Documents\Idea Workspace\lingang\target\classes\mapper\AddressMapper.xml]'. Cause: java.lang.IllegalArgumentException: Result Maps collection already contains value for com.boot.gang.mapper.AddressMapper.BaseResultMap
	at org.springframework.beans.factory.support.AbstractAutowireCapableBeanFactory.autowireByType(AbstractAutowireCapableBeanFactory.java:1533)
	at org.springframework.beans.factory.support.AbstractAutowireCapableBeanFactory.populateBean(AbstractAutowireCapableBeanFactory.java:1413)
	at org.springframework.beans.factory.support.AbstractAutowireCapableBeanFactory.doCreateBean(AbstractAutowireCapableBeanFactory.java:594)
	at org.springframework.beans.factory.support.AbstractAutowireCapableBeanFactory.createBean(AbstractAutowireCapableBeanFactory.java:517)
	at org.springframework.beans.factory.support.AbstractBeanFactory.lambda$doGetBean$0(AbstractBeanFactory.java:323)
	at org.springframework.beans.factory.support.DefaultSingletonBeanRegistry.getSingleton(DefaultSingletonBeanRegistry.java:222)
	at org.springframework.beans.factory.support.AbstractBeanFactory.doGetBean(AbstractBeanFactory.java:321)
	at org.springframework.beans.factory.support.AbstractBeanFactory.getBean(AbstractBeanFactory.java:202)
	at org.springframework.beans.factory.config.DependencyDescriptor.resolveCandidate(DependencyDescriptor.java:276)
	at org.springframework.beans.factory.support.DefaultListableBeanFactory.doResolveDependency(DefaultListableBeanFactory.java:1287)
	at org.springframework.beans.factory.support.DefaultListableBeanFactory.resolveDependency(DefaultListableBeanFactory.java:1207)
	at org.springframework.beans.factory.annotation.AutowiredAnnotationBeanPostProcessor$AutowiredFieldElement.inject(AutowiredAnnotationBeanPostProcessor.java:636)
	... 32 more
Caused by: org.springframework.beans.factory.BeanCreationException: Error creating bean with name 'sqlSessionFactory' defined in class path resource [org/mybatis/spring/boot/autoconfigure/MybatisAutoConfiguration.class]: Bean instantiation via factory method failed; nested exception is org.springframework.beans.BeanInstantiationException: Failed to instantiate [org.apache.ibatis.session.SqlSessionFactory]: Factory method 'sqlSessionFactory' threw exception; nested exception is org.springframework.core.NestedIOException: Failed to parse mapping resource: 'file [D:\Oblivion\Documents\Idea Workspace\lingang\target\classes\mapper\AddressMapper.xml]'; nested exception is org.apache.ibatis.builder.BuilderException: Error parsing Mapper XML. The XML location is 'file [D:\Oblivion\Documents\Idea Workspace\lingang\target\classes\mapper\AddressMapper.xml]'. Cause: java.lang.IllegalArgumentException: Result Maps collection already contains value for com.boot.gang.mapper.AddressMapper.BaseResultMap
	at org.springframework.beans.factory.support.ConstructorResolver.instantiate(ConstructorResolver.java:645)
	at org.springframework.beans.factory.support.ConstructorResolver.instantiateUsingFactoryMethod(ConstructorResolver.java:625)
	at org.springframework.beans.factory.support.AbstractAutowireCapableBeanFactory.instantiateUsingFactoryMethod(AbstractAutowireCapableBeanFactory.java:1338)
	at org.springframework.beans.factory.support.AbstractAutowireCapableBeanFactory.createBeanInstance(AbstractAutowireCapableBeanFactory.java:1177)
	at org.springframework.beans.factory.support.AbstractAutowireCapableBeanFactory.doCreateBean(AbstractAutowireCapableBeanFactory.java:557)
	at org.springframework.beans.factory.support.AbstractAutowireCapableBeanFactory.createBean(AbstractAutowireCapableBeanFactory.java:517)
	at org.springframework.beans.factory.support.AbstractBeanFactory.lambda$doGetBean$0(AbstractBeanFactory.java:323)
	at org.springframework.beans.factory.support.DefaultSingletonBeanRegistry.getSingleton(DefaultSingletonBeanRegistry.java:222)
	at org.springframework.beans.factory.support.AbstractBeanFactory.doGetBean(AbstractBeanFactory.java:321)
	at org.springframework.beans.factory.support.AbstractBeanFactory.getBean(AbstractBeanFactory.java:202)
	at org.springframework.beans.factory.config.DependencyDescriptor.resolveCandidate(DependencyDescriptor.java:276)
	at org.springframework.beans.factory.support.DefaultListableBeanFactory.doResolveDependency(DefaultListableBeanFactory.java:1287)
	at org.springframework.beans.factory.support.DefaultListableBeanFactory.resolveDependency(DefaultListableBeanFactory.java:1207)
	at org.springframework.beans.factory.support.AbstractAutowireCapableBeanFactory.autowireByType(AbstractAutowireCapableBeanFactory.java:1518)
	... 43 more
Caused by: org.springframework.beans.BeanInstantiationException: Failed to instantiate [org.apache.ibatis.session.SqlSessionFactory]: Factory method 'sqlSessionFactory' threw exception; nested exception is org.springframework.core.NestedIOException: Failed to parse mapping resource: 'file [D:\Oblivion\Documents\Idea Workspace\lingang\target\classes\mapper\AddressMapper.xml]'; nested exception is org.apache.ibatis.builder.BuilderException: Error parsing Mapper XML. The XML location is 'file [D:\Oblivion\Documents\Idea Workspace\lingang\target\classes\mapper\AddressMapper.xml]'. Cause: java.lang.IllegalArgumentException: Result Maps collection already contains value for com.boot.gang.mapper.AddressMapper.BaseResultMap
	at org.springframework.beans.factory.support.SimpleInstantiationStrategy.instantiate(SimpleInstantiationStrategy.java:185)
	at org.springframework.beans.factory.support.ConstructorResolver.instantiate(ConstructorResolver.java:640)
	... 56 more
Caused by: org.springframework.core.NestedIOException: Failed to parse mapping resource: 'file [D:\Oblivion\Documents\Idea Workspace\lingang\target\classes\mapper\AddressMapper.xml]'; nested exception is org.apache.ibatis.builder.BuilderException: Error parsing Mapper XML. The XML location is 'file [D:\Oblivion\Documents\Idea Workspace\lingang\target\classes\mapper\AddressMapper.xml]'. Cause: java.lang.IllegalArgumentException: Result Maps collection already contains value for com.boot.gang.mapper.AddressMapper.BaseResultMap
	at org.mybatis.spring.SqlSessionFactoryBean.buildSqlSessionFactory(SqlSessionFactoryBean.java:523)
	at org.mybatis.spring.SqlSessionFactoryBean.afterPropertiesSet(SqlSessionFactoryBean.java:380)
	at org.mybatis.spring.SqlSessionFactoryBean.getObject(SqlSessionFactoryBean.java:547)
	at org.mybatis.spring.boot.autoconfigure.MybatisAutoConfiguration.sqlSessionFactory(MybatisAutoConfiguration.java:153)
	at org.mybatis.spring.boot.autoconfigure.MybatisAutoConfiguration$$EnhancerBySpringCGLIB$$5631e087.CGLIB$sqlSessionFactory$0(<generated>)
	at org.mybatis.spring.boot.autoconfigure.MybatisAutoConfiguration$$EnhancerBySpringCGLIB$$5631e087$$FastClassBySpringCGLIB$$d3024c17.invoke(<generated>)
	at org.springframework.cglib.proxy.MethodProxy.invokeSuper(MethodProxy.java:244)
	at org.springframework.context.annotation.ConfigurationClassEnhancer$BeanMethodInterceptor.intercept(ConfigurationClassEnhancer.java:363)
	at org.mybatis.spring.boot.autoconfigure.MybatisAutoConfiguration$$EnhancerBySpringCGLIB$$5631e087.sqlSessionFactory(<generated>)
	at sun.reflect.NativeMethodAccessorImpl.invoke0(Native Method)
	at sun.reflect.NativeMethodAccessorImpl.invoke(NativeMethodAccessorImpl.java:62)
	at sun.reflect.DelegatingMethodAccessorImpl.invoke(DelegatingMethodAccessorImpl.java:43)
	at java.lang.reflect.Method.invoke(Method.java:498)
	at org.springframework.beans.factory.support.SimpleInstantiationStrategy.instantiate(SimpleInstantiationStrategy.java:154)
	... 57 more
Caused by: org.apache.ibatis.builder.BuilderException: Error parsing Mapper XML. The XML location is 'file [D:\Oblivion\Documents\Idea Workspace\lingang\target\classes\mapper\AddressMapper.xml]'. Cause: java.lang.IllegalArgumentException: Result Maps collection already contains value for com.boot.gang.mapper.AddressMapper.BaseResultMap
	at org.apache.ibatis.builder.xml.XMLMapperBuilder.configurationElement(XMLMapperBuilder.java:120)
	at org.apache.ibatis.builder.xml.XMLMapperBuilder.parse(XMLMapperBuilder.java:92)
	at org.mybatis.spring.SqlSessionFactoryBean.buildSqlSessionFactory(SqlSessionFactoryBean.java:521)
	... 70 more
Caused by: java.lang.IllegalArgumentException: Result Maps collection already contains value for com.boot.gang.mapper.AddressMapper.BaseResultMap
	at org.apache.ibatis.session.Configuration$StrictMap.put(Configuration.java:872)
	at org.apache.ibatis.session.Configuration$StrictMap.put(Configuration.java:844)
	at org.apache.ibatis.session.Configuration.addResultMap(Configuration.java:626)
	at org.apache.ibatis.builder.MapperBuilderAssistant.addResultMap(MapperBuilderAssistant.java:214)
	at org.apache.ibatis.builder.ResultMapResolver.resolve(ResultMapResolver.java:47)
	at org.apache.ibatis.builder.xml.XMLMapperBuilder.resultMapElement(XMLMapperBuilder.java:285)
	at org.apache.ibatis.builder.xml.XMLMapperBuilder.resultMapElement(XMLMapperBuilder.java:252)
	at org.apache.ibatis.builder.xml.XMLMapperBuilder.resultMapElements(XMLMapperBuilder.java:244)
	at org.apache.ibatis.builder.xml.XMLMapperBuilder.configurationElement(XMLMapperBuilder.java:116)
	... 72 more
2020-01-04 17:11:07.040  INFO DESKTOP-D81905L --- [           main] c.b.g.LinGangApplication                 : Starting LinGangApplication on DESKTOP-D81905L with PID 8332 (started by seven in D:\Oblivion\Documents\Idea Workspace\lingang)
2020-01-04 17:11:07.053  INFO DESKTOP-D81905L --- [           main] c.b.g.LinGangApplication                 : No active profile set, falling back to default profiles: default
2020-01-04 17:11:08.568  INFO DESKTOP-D81905L --- [           main] .s.d.r.c.RepositoryConfigurationDelegate : Multiple Spring Data modules found, entering strict repository configuration mode!
2020-01-04 17:11:08.573  INFO DESKTOP-D81905L --- [           main] .s.d.r.c.RepositoryConfigurationDelegate : Bootstrapping Spring Data repositories in DEFAULT mode.
2020-01-04 17:11:08.608  INFO DESKTOP-D81905L --- [           main] .s.d.r.c.RepositoryConfigurationDelegate : Finished Spring Data repository scanning in 16ms. Found 0 repository interfaces.
2020-01-04 17:11:09.039  INFO DESKTOP-D81905L --- [           main] trationDelegate$BeanPostProcessorChecker : Bean 'org.springframework.transaction.annotation.ProxyTransactionManagementConfiguration' of type [org.springframework.transaction.annotation.ProxyTransactionManagementConfiguration] is not eligible for getting processed by all BeanPostProcessors (for example: not eligible for auto-proxying)
2020-01-04 17:11:09.443  INFO DESKTOP-D81905L --- [           main] o.s.b.w.e.t.TomcatWebServer              : Tomcat initialized with port(s): 8081 (http)
2020-01-04 17:11:09.463  INFO DESKTOP-D81905L --- [           main] o.a.c.h.Http11NioProtocol                : Initializing ProtocolHandler ["http-nio-8081"]
2020-01-04 17:11:09.465  INFO DESKTOP-D81905L --- [           main] o.a.c.c.StandardService                  : Starting service [Tomcat]
2020-01-04 17:11:09.466  INFO DESKTOP-D81905L --- [           main] o.a.c.c.StandardEngine                   : Starting Servlet engine: [Apache Tomcat/9.0.27]
2020-01-04 17:11:09.786  INFO DESKTOP-D81905L --- [           main] o.a.c.c.C.[.[.[/]                        : Initializing Spring embedded WebApplicationContext
2020-01-04 17:11:09.786  INFO DESKTOP-D81905L --- [           main] o.s.w.c.ContextLoader                    : Root WebApplicationContext: initialization completed in 2628 ms
2020-01-04 17:11:10.200  WARN DESKTOP-D81905L --- [           main] ConfigServletWebServerApplicationContext : Exception encountered during context initialization - cancelling refresh attempt: org.springframework.beans.factory.UnsatisfiedDependencyException: Error creating bean with name 'ajaxController': Unsatisfied dependency expressed through field 'commonService'; nested exception is org.springframework.beans.factory.UnsatisfiedDependencyException: Error creating bean with name 'commonServiceImpl': Unsatisfied dependency expressed through field 'userMapper'; nested exception is org.springframework.beans.factory.UnsatisfiedDependencyException: Error creating bean with name 'userMapper' defined in file [D:\Oblivion\Documents\Idea Workspace\lingang\target\classes\com\boot\gang\mapper\UserMapper.class]: Unsatisfied dependency expressed through bean property 'sqlSessionFactory'; nested exception is org.springframework.beans.factory.BeanCreationException: Error creating bean with name 'sqlSessionFactory' defined in class path resource [org/mybatis/spring/boot/autoconfigure/MybatisAutoConfiguration.class]: Bean instantiation via factory method failed; nested exception is org.springframework.beans.BeanInstantiationException: Failed to instantiate [org.apache.ibatis.session.SqlSessionFactory]: Factory method 'sqlSessionFactory' threw exception; nested exception is org.springframework.core.NestedIOException: Failed to parse mapping resource: 'file [D:\Oblivion\Documents\Idea Workspace\lingang\target\classes\mapper\AddressMapper.xml]'; nested exception is org.apache.ibatis.builder.BuilderException: Error parsing Mapper XML. The XML location is 'file [D:\Oblivion\Documents\Idea Workspace\lingang\target\classes\mapper\AddressMapper.xml]'. Cause: java.lang.IllegalArgumentException: Result Maps collection already contains value for com.boot.gang.mapper.AddressMapper.BaseResultMap
2020-01-04 17:11:10.204  INFO DESKTOP-D81905L --- [           main] o.a.c.c.StandardService                  : Stopping service [Tomcat]
2020-01-04 17:11:10.221  INFO DESKTOP-D81905L --- [           main] ConditionEvaluationReportLoggingListener : 

Error starting ApplicationContext. To display the conditions report re-run your application with 'debug' enabled.
2020-01-04 17:11:10.233 ERROR DESKTOP-D81905L --- [           main] o.s.b.SpringApplication                  : Application run failed
org.springframework.beans.factory.UnsatisfiedDependencyException: Error creating bean with name 'ajaxController': Unsatisfied dependency expressed through field 'commonService'; nested exception is org.springframework.beans.factory.UnsatisfiedDependencyException: Error creating bean with name 'commonServiceImpl': Unsatisfied dependency expressed through field 'userMapper'; nested exception is org.springframework.beans.factory.UnsatisfiedDependencyException: Error creating bean with name 'userMapper' defined in file [D:\Oblivion\Documents\Idea Workspace\lingang\target\classes\com\boot\gang\mapper\UserMapper.class]: Unsatisfied dependency expressed through bean property 'sqlSessionFactory'; nested exception is org.springframework.beans.factory.BeanCreationException: Error creating bean with name 'sqlSessionFactory' defined in class path resource [org/mybatis/spring/boot/autoconfigure/MybatisAutoConfiguration.class]: Bean instantiation via factory method failed; nested exception is org.springframework.beans.BeanInstantiationException: Failed to instantiate [org.apache.ibatis.session.SqlSessionFactory]: Factory method 'sqlSessionFactory' threw exception; nested exception is org.springframework.core.NestedIOException: Failed to parse mapping resource: 'file [D:\Oblivion\Documents\Idea Workspace\lingang\target\classes\mapper\AddressMapper.xml]'; nested exception is org.apache.ibatis.builder.BuilderException: Error parsing Mapper XML. The XML location is 'file [D:\Oblivion\Documents\Idea Workspace\lingang\target\classes\mapper\AddressMapper.xml]'. Cause: java.lang.IllegalArgumentException: Result Maps collection already contains value for com.boot.gang.mapper.AddressMapper.BaseResultMap
	at org.springframework.beans.factory.annotation.AutowiredAnnotationBeanPostProcessor$AutowiredFieldElement.inject(AutowiredAnnotationBeanPostProcessor.java:639)
	at org.springframework.beans.factory.annotation.InjectionMetadata.inject(InjectionMetadata.java:116)
	at org.springframework.beans.factory.annotation.AutowiredAnnotationBeanPostProcessor.postProcessProperties(AutowiredAnnotationBeanPostProcessor.java:397)
	at org.springframework.beans.factory.support.AbstractAutowireCapableBeanFactory.populateBean(AbstractAutowireCapableBeanFactory.java:1429)
	at org.springframework.beans.factory.support.AbstractAutowireCapableBeanFactory.doCreateBean(AbstractAutowireCapableBeanFactory.java:594)
	at org.springframework.beans.factory.support.AbstractAutowireCapableBeanFactory.createBean(AbstractAutowireCapableBeanFactory.java:517)
	at org.springframework.beans.factory.support.AbstractBeanFactory.lambda$doGetBean$0(AbstractBeanFactory.java:323)
	at org.springframework.beans.factory.support.DefaultSingletonBeanRegistry.getSingleton(DefaultSingletonBeanRegistry.java:222)
	at org.springframework.beans.factory.support.AbstractBeanFactory.doGetBean(AbstractBeanFactory.java:321)
	at org.springframework.beans.factory.support.AbstractBeanFactory.getBean(AbstractBeanFactory.java:202)
	at org.springframework.beans.factory.support.DefaultListableBeanFactory.preInstantiateSingletons(DefaultListableBeanFactory.java:879)
	at org.springframework.context.support.AbstractApplicationContext.finishBeanFactoryInitialization(AbstractApplicationContext.java:878)
	at org.springframework.context.support.AbstractApplicationContext.refresh(AbstractApplicationContext.java:550)
	at org.springframework.boot.web.servlet.context.ServletWebServerApplicationContext.refresh(ServletWebServerApplicationContext.java:141)
	at org.springframework.boot.SpringApplication.refresh(SpringApplication.java:747)
	at org.springframework.boot.SpringApplication.refreshContext(SpringApplication.java:397)
	at org.springframework.boot.SpringApplication.run(SpringApplication.java:315)
	at org.springframework.boot.SpringApplication.run(SpringApplication.java:1226)
	at org.springframework.boot.SpringApplication.run(SpringApplication.java:1215)
	at com.boot.gang.LinGangApplication.main(LinGangApplication.java:13)
Caused by: org.springframework.beans.factory.UnsatisfiedDependencyException: Error creating bean with name 'commonServiceImpl': Unsatisfied dependency expressed through field 'userMapper'; nested exception is org.springframework.beans.factory.UnsatisfiedDependencyException: Error creating bean with name 'userMapper' defined in file [D:\Oblivion\Documents\Idea Workspace\lingang\target\classes\com\boot\gang\mapper\UserMapper.class]: Unsatisfied dependency expressed through bean property 'sqlSessionFactory'; nested exception is org.springframework.beans.factory.BeanCreationException: Error creating bean with name 'sqlSessionFactory' defined in class path resource [org/mybatis/spring/boot/autoconfigure/MybatisAutoConfiguration.class]: Bean instantiation via factory method failed; nested exception is org.springframework.beans.BeanInstantiationException: Failed to instantiate [org.apache.ibatis.session.SqlSessionFactory]: Factory method 'sqlSessionFactory' threw exception; nested exception is org.springframework.core.NestedIOException: Failed to parse mapping resource: 'file [D:\Oblivion\Documents\Idea Workspace\lingang\target\classes\mapper\AddressMapper.xml]'; nested exception is org.apache.ibatis.builder.BuilderException: Error parsing Mapper XML. The XML location is 'file [D:\Oblivion\Documents\Idea Workspace\lingang\target\classes\mapper\AddressMapper.xml]'. Cause: java.lang.IllegalArgumentException: Result Maps collection already contains value for com.boot.gang.mapper.AddressMapper.BaseResultMap
	at org.springframework.beans.factory.annotation.AutowiredAnnotationBeanPostProcessor$AutowiredFieldElement.inject(AutowiredAnnotationBeanPostProcessor.java:639)
	at org.springframework.beans.factory.annotation.InjectionMetadata.inject(InjectionMetadata.java:116)
	at org.springframework.beans.factory.annotation.AutowiredAnnotationBeanPostProcessor.postProcessProperties(AutowiredAnnotationBeanPostProcessor.java:397)
	at org.springframework.beans.factory.support.AbstractAutowireCapableBeanFactory.populateBean(AbstractAutowireCapableBeanFactory.java:1429)
	at org.springframework.beans.factory.support.AbstractAutowireCapableBeanFactory.doCreateBean(AbstractAutowireCapableBeanFactory.java:594)
	at org.springframework.beans.factory.support.AbstractAutowireCapableBeanFactory.createBean(AbstractAutowireCapableBeanFactory.java:517)
	at org.springframework.beans.factory.support.AbstractBeanFactory.lambda$doGetBean$0(AbstractBeanFactory.java:323)
	at org.springframework.beans.factory.support.DefaultSingletonBeanRegistry.getSingleton(DefaultSingletonBeanRegistry.java:222)
	at org.springframework.beans.factory.support.AbstractBeanFactory.doGetBean(AbstractBeanFactory.java:321)
	at org.springframework.beans.factory.support.AbstractBeanFactory.getBean(AbstractBeanFactory.java:202)
	at org.springframework.beans.factory.config.DependencyDescriptor.resolveCandidate(DependencyDescriptor.java:276)
	at org.springframework.beans.factory.support.DefaultListableBeanFactory.doResolveDependency(DefaultListableBeanFactory.java:1287)
	at org.springframework.beans.factory.support.DefaultListableBeanFactory.resolveDependency(DefaultListableBeanFactory.java:1207)
	at org.springframework.beans.factory.annotation.AutowiredAnnotationBeanPostProcessor$AutowiredFieldElement.inject(AutowiredAnnotationBeanPostProcessor.java:636)
	... 19 more
Caused by: org.springframework.beans.factory.UnsatisfiedDependencyException: Error creating bean with name 'userMapper' defined in file [D:\Oblivion\Documents\Idea Workspace\lingang\target\classes\com\boot\gang\mapper\UserMapper.class]: Unsatisfied dependency expressed through bean property 'sqlSessionFactory'; nested exception is org.springframework.beans.factory.BeanCreationException: Error creating bean with name 'sqlSessionFactory' defined in class path resource [org/mybatis/spring/boot/autoconfigure/MybatisAutoConfiguration.class]: Bean instantiation via factory method failed; nested exception is org.springframework.beans.BeanInstantiationException: Failed to instantiate [org.apache.ibatis.session.SqlSessionFactory]: Factory method 'sqlSessionFactory' threw exception; nested exception is org.springframework.core.NestedIOException: Failed to parse mapping resource: 'file [D:\Oblivion\Documents\Idea Workspace\lingang\target\classes\mapper\AddressMapper.xml]'; nested exception is org.apache.ibatis.builder.BuilderException: Error parsing Mapper XML. The XML location is 'file [D:\Oblivion\Documents\Idea Workspace\lingang\target\classes\mapper\AddressMapper.xml]'. Cause: java.lang.IllegalArgumentException: Result Maps collection already contains value for com.boot.gang.mapper.AddressMapper.BaseResultMap
	at org.springframework.beans.factory.support.AbstractAutowireCapableBeanFactory.autowireByType(AbstractAutowireCapableBeanFactory.java:1533)
	at org.springframework.beans.factory.support.AbstractAutowireCapableBeanFactory.populateBean(AbstractAutowireCapableBeanFactory.java:1413)
	at org.springframework.beans.factory.support.AbstractAutowireCapableBeanFactory.doCreateBean(AbstractAutowireCapableBeanFactory.java:594)
	at org.springframework.beans.factory.support.AbstractAutowireCapableBeanFactory.createBean(AbstractAutowireCapableBeanFactory.java:517)
	at org.springframework.beans.factory.support.AbstractBeanFactory.lambda$doGetBean$0(AbstractBeanFactory.java:323)
	at org.springframework.beans.factory.support.DefaultSingletonBeanRegistry.getSingleton(DefaultSingletonBeanRegistry.java:222)
	at org.springframework.beans.factory.support.AbstractBeanFactory.doGetBean(AbstractBeanFactory.java:321)
	at org.springframework.beans.factory.support.AbstractBeanFactory.getBean(AbstractBeanFactory.java:202)
	at org.springframework.beans.factory.config.DependencyDescriptor.resolveCandidate(DependencyDescriptor.java:276)
	at org.springframework.beans.factory.support.DefaultListableBeanFactory.doResolveDependency(DefaultListableBeanFactory.java:1287)
	at org.springframework.beans.factory.support.DefaultListableBeanFactory.resolveDependency(DefaultListableBeanFactory.java:1207)
	at org.springframework.beans.factory.annotation.AutowiredAnnotationBeanPostProcessor$AutowiredFieldElement.inject(AutowiredAnnotationBeanPostProcessor.java:636)
	... 32 more
Caused by: org.springframework.beans.factory.BeanCreationException: Error creating bean with name 'sqlSessionFactory' defined in class path resource [org/mybatis/spring/boot/autoconfigure/MybatisAutoConfiguration.class]: Bean instantiation via factory method failed; nested exception is org.springframework.beans.BeanInstantiationException: Failed to instantiate [org.apache.ibatis.session.SqlSessionFactory]: Factory method 'sqlSessionFactory' threw exception; nested exception is org.springframework.core.NestedIOException: Failed to parse mapping resource: 'file [D:\Oblivion\Documents\Idea Workspace\lingang\target\classes\mapper\AddressMapper.xml]'; nested exception is org.apache.ibatis.builder.BuilderException: Error parsing Mapper XML. The XML location is 'file [D:\Oblivion\Documents\Idea Workspace\lingang\target\classes\mapper\AddressMapper.xml]'. Cause: java.lang.IllegalArgumentException: Result Maps collection already contains value for com.boot.gang.mapper.AddressMapper.BaseResultMap
	at org.springframework.beans.factory.support.ConstructorResolver.instantiate(ConstructorResolver.java:645)
	at org.springframework.beans.factory.support.ConstructorResolver.instantiateUsingFactoryMethod(ConstructorResolver.java:625)
	at org.springframework.beans.factory.support.AbstractAutowireCapableBeanFactory.instantiateUsingFactoryMethod(AbstractAutowireCapableBeanFactory.java:1338)
	at org.springframework.beans.factory.support.AbstractAutowireCapableBeanFactory.createBeanInstance(AbstractAutowireCapableBeanFactory.java:1177)
	at org.springframework.beans.factory.support.AbstractAutowireCapableBeanFactory.doCreateBean(AbstractAutowireCapableBeanFactory.java:557)
	at org.springframework.beans.factory.support.AbstractAutowireCapableBeanFactory.createBean(AbstractAutowireCapableBeanFactory.java:517)
	at org.springframework.beans.factory.support.AbstractBeanFactory.lambda$doGetBean$0(AbstractBeanFactory.java:323)
	at org.springframework.beans.factory.support.DefaultSingletonBeanRegistry.getSingleton(DefaultSingletonBeanRegistry.java:222)
	at org.springframework.beans.factory.support.AbstractBeanFactory.doGetBean(AbstractBeanFactory.java:321)
	at org.springframework.beans.factory.support.AbstractBeanFactory.getBean(AbstractBeanFactory.java:202)
	at org.springframework.beans.factory.config.DependencyDescriptor.resolveCandidate(DependencyDescriptor.java:276)
	at org.springframework.beans.factory.support.DefaultListableBeanFactory.doResolveDependency(DefaultListableBeanFactory.java:1287)
	at org.springframework.beans.factory.support.DefaultListableBeanFactory.resolveDependency(DefaultListableBeanFactory.java:1207)
	at org.springframework.beans.factory.support.AbstractAutowireCapableBeanFactory.autowireByType(AbstractAutowireCapableBeanFactory.java:1518)
	... 43 more
Caused by: org.springframework.beans.BeanInstantiationException: Failed to instantiate [org.apache.ibatis.session.SqlSessionFactory]: Factory method 'sqlSessionFactory' threw exception; nested exception is org.springframework.core.NestedIOException: Failed to parse mapping resource: 'file [D:\Oblivion\Documents\Idea Workspace\lingang\target\classes\mapper\AddressMapper.xml]'; nested exception is org.apache.ibatis.builder.BuilderException: Error parsing Mapper XML. The XML location is 'file [D:\Oblivion\Documents\Idea Workspace\lingang\target\classes\mapper\AddressMapper.xml]'. Cause: java.lang.IllegalArgumentException: Result Maps collection already contains value for com.boot.gang.mapper.AddressMapper.BaseResultMap
	at org.springframework.beans.factory.support.SimpleInstantiationStrategy.instantiate(SimpleInstantiationStrategy.java:185)
	at org.springframework.beans.factory.support.ConstructorResolver.instantiate(ConstructorResolver.java:640)
	... 56 more
Caused by: org.springframework.core.NestedIOException: Failed to parse mapping resource: 'file [D:\Oblivion\Documents\Idea Workspace\lingang\target\classes\mapper\AddressMapper.xml]'; nested exception is org.apache.ibatis.builder.BuilderException: Error parsing Mapper XML. The XML location is 'file [D:\Oblivion\Documents\Idea Workspace\lingang\target\classes\mapper\AddressMapper.xml]'. Cause: java.lang.IllegalArgumentException: Result Maps collection already contains value for com.boot.gang.mapper.AddressMapper.BaseResultMap
	at org.mybatis.spring.SqlSessionFactoryBean.buildSqlSessionFactory(SqlSessionFactoryBean.java:523)
	at org.mybatis.spring.SqlSessionFactoryBean.afterPropertiesSet(SqlSessionFactoryBean.java:380)
	at org.mybatis.spring.SqlSessionFactoryBean.getObject(SqlSessionFactoryBean.java:547)
	at org.mybatis.spring.boot.autoconfigure.MybatisAutoConfiguration.sqlSessionFactory(MybatisAutoConfiguration.java:153)
	at org.mybatis.spring.boot.autoconfigure.MybatisAutoConfiguration$$EnhancerBySpringCGLIB$$9251e83c.CGLIB$sqlSessionFactory$0(<generated>)
	at org.mybatis.spring.boot.autoconfigure.MybatisAutoConfiguration$$EnhancerBySpringCGLIB$$9251e83c$$FastClassBySpringCGLIB$$a257e166.invoke(<generated>)
	at org.springframework.cglib.proxy.MethodProxy.invokeSuper(MethodProxy.java:244)
	at org.springframework.context.annotation.ConfigurationClassEnhancer$BeanMethodInterceptor.intercept(ConfigurationClassEnhancer.java:363)
	at org.mybatis.spring.boot.autoconfigure.MybatisAutoConfiguration$$EnhancerBySpringCGLIB$$9251e83c.sqlSessionFactory(<generated>)
	at sun.reflect.NativeMethodAccessorImpl.invoke0(Native Method)
	at sun.reflect.NativeMethodAccessorImpl.invoke(NativeMethodAccessorImpl.java:62)
	at sun.reflect.DelegatingMethodAccessorImpl.invoke(DelegatingMethodAccessorImpl.java:43)
	at java.lang.reflect.Method.invoke(Method.java:498)
	at org.springframework.beans.factory.support.SimpleInstantiationStrategy.instantiate(SimpleInstantiationStrategy.java:154)
	... 57 more
Caused by: org.apache.ibatis.builder.BuilderException: Error parsing Mapper XML. The XML location is 'file [D:\Oblivion\Documents\Idea Workspace\lingang\target\classes\mapper\AddressMapper.xml]'. Cause: java.lang.IllegalArgumentException: Result Maps collection already contains value for com.boot.gang.mapper.AddressMapper.BaseResultMap
	at org.apache.ibatis.builder.xml.XMLMapperBuilder.configurationElement(XMLMapperBuilder.java:120)
	at org.apache.ibatis.builder.xml.XMLMapperBuilder.parse(XMLMapperBuilder.java:92)
	at org.mybatis.spring.SqlSessionFactoryBean.buildSqlSessionFactory(SqlSessionFactoryBean.java:521)
	... 70 more
Caused by: java.lang.IllegalArgumentException: Result Maps collection already contains value for com.boot.gang.mapper.AddressMapper.BaseResultMap
	at org.apache.ibatis.session.Configuration$StrictMap.put(Configuration.java:872)
	at org.apache.ibatis.session.Configuration$StrictMap.put(Configuration.java:844)
	at org.apache.ibatis.session.Configuration.addResultMap(Configuration.java:626)
	at org.apache.ibatis.builder.MapperBuilderAssistant.addResultMap(MapperBuilderAssistant.java:214)
	at org.apache.ibatis.builder.ResultMapResolver.resolve(ResultMapResolver.java:47)
	at org.apache.ibatis.builder.xml.XMLMapperBuilder.resultMapElement(XMLMapperBuilder.java:285)
	at org.apache.ibatis.builder.xml.XMLMapperBuilder.resultMapElement(XMLMapperBuilder.java:252)
	at org.apache.ibatis.builder.xml.XMLMapperBuilder.resultMapElements(XMLMapperBuilder.java:244)
	at org.apache.ibatis.builder.xml.XMLMapperBuilder.configurationElement(XMLMapperBuilder.java:116)
	... 72 more
2020-01-04 17:12:36.906  INFO DESKTOP-D81905L --- [           main] c.b.g.LinGangApplication                 : Starting LinGangApplication on DESKTOP-D81905L with PID 10932 (started by seven in D:\Oblivion\Documents\Idea Workspace\lingang)
2020-01-04 17:12:36.923  INFO DESKTOP-D81905L --- [           main] c.b.g.LinGangApplication                 : No active profile set, falling back to default profiles: default
2020-01-04 17:12:38.367  INFO DESKTOP-D81905L --- [           main] .s.d.r.c.RepositoryConfigurationDelegate : Multiple Spring Data modules found, entering strict repository configuration mode!
2020-01-04 17:12:38.373  INFO DESKTOP-D81905L --- [           main] .s.d.r.c.RepositoryConfigurationDelegate : Bootstrapping Spring Data repositories in DEFAULT mode.
2020-01-04 17:12:38.413  INFO DESKTOP-D81905L --- [           main] .s.d.r.c.RepositoryConfigurationDelegate : Finished Spring Data repository scanning in 19ms. Found 0 repository interfaces.
2020-01-04 17:12:38.920  INFO DESKTOP-D81905L --- [           main] trationDelegate$BeanPostProcessorChecker : Bean 'org.springframework.transaction.annotation.ProxyTransactionManagementConfiguration' of type [org.springframework.transaction.annotation.ProxyTransactionManagementConfiguration] is not eligible for getting processed by all BeanPostProcessors (for example: not eligible for auto-proxying)
2020-01-04 17:12:39.336  INFO DESKTOP-D81905L --- [           main] o.s.b.w.e.t.TomcatWebServer              : Tomcat initialized with port(s): 8081 (http)
2020-01-04 17:12:39.351  INFO DESKTOP-D81905L --- [           main] o.a.c.h.Http11NioProtocol                : Initializing ProtocolHandler ["http-nio-8081"]
2020-01-04 17:12:39.352  INFO DESKTOP-D81905L --- [           main] o.a.c.c.StandardService                  : Starting service [Tomcat]
2020-01-04 17:12:39.353  INFO DESKTOP-D81905L --- [           main] o.a.c.c.StandardEngine                   : Starting Servlet engine: [Apache Tomcat/9.0.27]
2020-01-04 17:12:39.649  INFO DESKTOP-D81905L --- [           main] o.a.c.c.C.[.[.[/]                        : Initializing Spring embedded WebApplicationContext
2020-01-04 17:12:39.649  INFO DESKTOP-D81905L --- [           main] o.s.w.c.ContextLoader                    : Root WebApplicationContext: initialization completed in 2609 ms
2020-01-04 17:12:40.859  WARN DESKTOP-D81905L --- [           main] o.t.t.TemplateMode                       : [THYMELEAF][main] Template Mode 'HTML5' is deprecated. Using Template Mode 'HTML' instead.
2020-01-04 17:12:41.510  INFO DESKTOP-D81905L --- [           main] o.s.s.c.ThreadPoolTaskExecutor           : Initializing ExecutorService 'applicationTaskExecutor'
2020-01-04 17:12:41.575  INFO DESKTOP-D81905L --- [           main] o.s.b.a.w.s.WelcomePageHandlerMapping    : Adding welcome page template: index
2020-01-04 17:12:41.832  INFO DESKTOP-D81905L --- [           main] d.s.w.p.DocumentationPluginsBootstrapper : Context refreshed
2020-01-04 17:12:41.855  INFO DESKTOP-D81905L --- [           main] d.s.w.p.DocumentationPluginsBootstrapper : Found 1 custom documentation plugin(s)
2020-01-04 17:12:41.869  INFO DESKTOP-D81905L --- [           main] s.d.s.w.s.ApiListingReferenceScanner     : Scanning for api listing references
2020-01-04 17:12:41.891  INFO DESKTOP-D81905L --- [           main] o.a.c.h.Http11NioProtocol                : Starting ProtocolHandler ["http-nio-8081"]
2020-01-04 17:12:41.930  INFO DESKTOP-D81905L --- [           main] o.s.b.w.e.t.TomcatWebServer              : Tomcat started on port(s): 8081 (http) with context path ''
2020-01-04 17:12:41.937  INFO DESKTOP-D81905L --- [           main] c.b.g.LinGangApplication                 : Started LinGangApplication in 5.509 seconds (JVM running for 8.181)
2020-01-04 18:02:16.840  INFO DESKTOP-D81905L --- [nio-8081-exec-2] o.a.c.c.C.[.[.[/]                        : Initializing Spring DispatcherServlet 'dispatcherServlet'
2020-01-04 18:02:16.844  INFO DESKTOP-D81905L --- [nio-8081-exec-2] o.s.w.s.DispatcherServlet                : Initializing Servlet 'dispatcherServlet'
2020-01-04 18:02:16.916  INFO DESKTOP-D81905L --- [nio-8081-exec-2] o.s.w.s.DispatcherServlet                : Completed initialization in 72 ms
2020-01-04 18:02:17.028  INFO DESKTOP-D81905L --- [nio-8081-exec-2] o.a.t.u.h.Parameters                     : Invalid chunk starting at byte [0] and ending at byte [1] with a value of [=] ignored
 Note: further occurrences of Parameter errors will be logged at DEBUG level.
2020-01-04 18:02:17.083  INFO DESKTOP-D81905L --- [nio-8081-exec-2] c.z.h.HikariDataSource                   : HikariPool-1 - Starting...
2020-01-04 18:02:17.467  INFO DESKTOP-D81905L --- [nio-8081-exec-2] c.z.h.HikariDataSource                   : HikariPool-1 - Start completed.
2020-01-04 18:04:08.829  INFO DESKTOP-D81905L --- [           main] c.b.g.LinGangApplication                 : Starting LinGangApplication on DESKTOP-D81905L with PID 9396 (started by seven in D:\Oblivion\Documents\Idea Workspace\lingang)
2020-01-04 18:04:08.843  INFO DESKTOP-D81905L --- [           main] c.b.g.LinGangApplication                 : No active profile set, falling back to default profiles: default
2020-01-04 18:04:10.322  INFO DESKTOP-D81905L --- [           main] .s.d.r.c.RepositoryConfigurationDelegate : Multiple Spring Data modules found, entering strict repository configuration mode!
2020-01-04 18:04:10.328  INFO DESKTOP-D81905L --- [           main] .s.d.r.c.RepositoryConfigurationDelegate : Bootstrapping Spring Data repositories in DEFAULT mode.
2020-01-04 18:04:10.368  INFO DESKTOP-D81905L --- [           main] .s.d.r.c.RepositoryConfigurationDelegate : Finished Spring Data repository scanning in 19ms. Found 0 repository interfaces.
2020-01-04 18:04:10.938  INFO DESKTOP-D81905L --- [           main] trationDelegate$BeanPostProcessorChecker : Bean 'org.springframework.transaction.annotation.ProxyTransactionManagementConfiguration' of type [org.springframework.transaction.annotation.ProxyTransactionManagementConfiguration] is not eligible for getting processed by all BeanPostProcessors (for example: not eligible for auto-proxying)
2020-01-04 18:04:11.340  INFO DESKTOP-D81905L --- [           main] o.s.b.w.e.t.TomcatWebServer              : Tomcat initialized with port(s): 8081 (http)
2020-01-04 18:04:11.353  INFO DESKTOP-D81905L --- [           main] o.a.c.h.Http11NioProtocol                : Initializing ProtocolHandler ["http-nio-8081"]
2020-01-04 18:04:11.354  INFO DESKTOP-D81905L --- [           main] o.a.c.c.StandardService                  : Starting service [Tomcat]
2020-01-04 18:04:11.355  INFO DESKTOP-D81905L --- [           main] o.a.c.c.StandardEngine                   : Starting Servlet engine: [Apache Tomcat/9.0.27]
2020-01-04 18:04:11.542  INFO DESKTOP-D81905L --- [           main] o.a.c.c.C.[.[.[/]                        : Initializing Spring embedded WebApplicationContext
2020-01-04 18:04:11.542  INFO DESKTOP-D81905L --- [           main] o.s.w.c.ContextLoader                    : Root WebApplicationContext: initialization completed in 2581 ms
2020-01-04 18:04:12.815  WARN DESKTOP-D81905L --- [           main] o.t.t.TemplateMode                       : [THYMELEAF][main] Template Mode 'HTML5' is deprecated. Using Template Mode 'HTML' instead.
2020-01-04 18:04:13.473  INFO DESKTOP-D81905L --- [           main] o.s.s.c.ThreadPoolTaskExecutor           : Initializing ExecutorService 'applicationTaskExecutor'
2020-01-04 18:04:13.552  INFO DESKTOP-D81905L --- [           main] o.s.b.a.w.s.WelcomePageHandlerMapping    : Adding welcome page template: index
2020-01-04 18:04:13.878  INFO DESKTOP-D81905L --- [           main] d.s.w.p.DocumentationPluginsBootstrapper : Context refreshed
2020-01-04 18:04:13.902  INFO DESKTOP-D81905L --- [           main] d.s.w.p.DocumentationPluginsBootstrapper : Found 1 custom documentation plugin(s)
2020-01-04 18:04:13.917  INFO DESKTOP-D81905L --- [           main] s.d.s.w.s.ApiListingReferenceScanner     : Scanning for api listing references
2020-01-04 18:04:13.944  INFO DESKTOP-D81905L --- [           main] o.a.c.h.Http11NioProtocol                : Starting ProtocolHandler ["http-nio-8081"]
2020-01-04 18:04:13.983  INFO DESKTOP-D81905L --- [           main] o.s.b.w.e.t.TomcatWebServer              : Tomcat started on port(s): 8081 (http) with context path ''
2020-01-04 18:04:13.987  INFO DESKTOP-D81905L --- [           main] c.b.g.LinGangApplication                 : Started LinGangApplication in 5.604 seconds (JVM running for 8.308)
2020-01-04 18:04:40.813  INFO DESKTOP-D81905L --- [nio-8081-exec-2] o.a.c.c.C.[.[.[/]                        : Initializing Spring DispatcherServlet 'dispatcherServlet'
2020-01-04 18:04:40.814  INFO DESKTOP-D81905L --- [nio-8081-exec-2] o.s.w.s.DispatcherServlet                : Initializing Servlet 'dispatcherServlet'
2020-01-04 18:04:40.824  INFO DESKTOP-D81905L --- [nio-8081-exec-2] o.s.w.s.DispatcherServlet                : Completed initialization in 10 ms
2020-01-04 18:04:40.881  INFO DESKTOP-D81905L --- [nio-8081-exec-2] o.a.t.u.h.Parameters                     : Invalid chunk starting at byte [0] and ending at byte [1] with a value of [=] ignored
 Note: further occurrences of Parameter errors will be logged at DEBUG level.
2020-01-04 18:04:40.917  INFO DESKTOP-D81905L --- [nio-8081-exec-2] c.z.h.HikariDataSource                   : HikariPool-1 - Starting...
2020-01-04 18:04:41.261  INFO DESKTOP-D81905L --- [nio-8081-exec-2] c.z.h.HikariDataSource                   : HikariPool-1 - Start completed.
2020-01-04 18:05:39.425  WARN DESKTOP-D81905L --- [l-1 housekeeper] c.z.h.p.HikariPool                       : HikariPool-1 - Thread starvation or clock leap detected (housekeeper delta=57s684ms504s100ns).
2020-01-04 18:37:23.049  INFO DESKTOP-D81905L --- [           main] c.b.g.LinGangApplication                 : Starting LinGangApplication on DESKTOP-D81905L with PID 16992 (started by seven in D:\Oblivion\Documents\Idea Workspace\lingang)
2020-01-04 18:37:23.063  INFO DESKTOP-D81905L --- [           main] c.b.g.LinGangApplication                 : No active profile set, falling back to default profiles: default
2020-01-04 18:37:24.563  INFO DESKTOP-D81905L --- [           main] .s.d.r.c.RepositoryConfigurationDelegate : Multiple Spring Data modules found, entering strict repository configuration mode!
2020-01-04 18:37:24.571  INFO DESKTOP-D81905L --- [           main] .s.d.r.c.RepositoryConfigurationDelegate : Bootstrapping Spring Data repositories in DEFAULT mode.
2020-01-04 18:37:24.616  INFO DESKTOP-D81905L --- [           main] .s.d.r.c.RepositoryConfigurationDelegate : Finished Spring Data repository scanning in 20ms. Found 0 repository interfaces.
2020-01-04 18:37:25.103  INFO DESKTOP-D81905L --- [           main] trationDelegate$BeanPostProcessorChecker : Bean 'org.springframework.transaction.annotation.ProxyTransactionManagementConfiguration' of type [org.springframework.transaction.annotation.ProxyTransactionManagementConfiguration] is not eligible for getting processed by all BeanPostProcessors (for example: not eligible for auto-proxying)
2020-01-04 18:37:25.476  INFO DESKTOP-D81905L --- [           main] o.s.b.w.e.t.TomcatWebServer              : Tomcat initialized with port(s): 8081 (http)
2020-01-04 18:37:25.489  INFO DESKTOP-D81905L --- [           main] o.a.c.h.Http11NioProtocol                : Initializing ProtocolHandler ["http-nio-8081"]
2020-01-04 18:37:25.491  INFO DESKTOP-D81905L --- [           main] o.a.c.c.StandardService                  : Starting service [Tomcat]
2020-01-04 18:37:25.492  INFO DESKTOP-D81905L --- [           main] o.a.c.c.StandardEngine                   : Starting Servlet engine: [Apache Tomcat/9.0.27]
2020-01-04 18:37:25.813  INFO DESKTOP-D81905L --- [           main] o.a.c.c.C.[.[.[/]                        : Initializing Spring embedded WebApplicationContext
2020-01-04 18:37:25.813  INFO DESKTOP-D81905L --- [           main] o.s.w.c.ContextLoader                    : Root WebApplicationContext: initialization completed in 2646 ms
2020-01-04 18:37:27.029  WARN DESKTOP-D81905L --- [           main] o.t.t.TemplateMode                       : [THYMELEAF][main] Template Mode 'HTML5' is deprecated. Using Template Mode 'HTML' instead.
2020-01-04 18:37:27.661  INFO DESKTOP-D81905L --- [           main] o.s.s.c.ThreadPoolTaskExecutor           : Initializing ExecutorService 'applicationTaskExecutor'
2020-01-04 18:37:27.734  INFO DESKTOP-D81905L --- [           main] o.s.b.a.w.s.WelcomePageHandlerMapping    : Adding welcome page template: index
2020-01-04 18:37:28.053  INFO DESKTOP-D81905L --- [           main] d.s.w.p.DocumentationPluginsBootstrapper : Context refreshed
2020-01-04 18:37:28.075  INFO DESKTOP-D81905L --- [           main] d.s.w.p.DocumentationPluginsBootstrapper : Found 1 custom documentation plugin(s)
2020-01-04 18:37:28.090  INFO DESKTOP-D81905L --- [           main] s.d.s.w.s.ApiListingReferenceScanner     : Scanning for api listing references
2020-01-04 18:37:28.114  INFO DESKTOP-D81905L --- [           main] o.a.c.h.Http11NioProtocol                : Starting ProtocolHandler ["http-nio-8081"]
2020-01-04 18:37:28.150  INFO DESKTOP-D81905L --- [           main] o.s.b.w.e.t.TomcatWebServer              : Tomcat started on port(s): 8081 (http) with context path ''
2020-01-04 18:37:28.154  INFO DESKTOP-D81905L --- [           main] c.b.g.LinGangApplication                 : Started LinGangApplication in 5.542 seconds (JVM running for 8.013)
2020-01-04 18:37:37.115  INFO DESKTOP-D81905L --- [nio-8081-exec-2] o.a.c.c.C.[.[.[/]                        : Initializing Spring DispatcherServlet 'dispatcherServlet'
2020-01-04 18:37:37.115  INFO DESKTOP-D81905L --- [nio-8081-exec-2] o.s.w.s.DispatcherServlet                : Initializing Servlet 'dispatcherServlet'
2020-01-04 18:37:37.124  INFO DESKTOP-D81905L --- [nio-8081-exec-2] o.s.w.s.DispatcherServlet                : Completed initialization in 8 ms
2020-01-04 18:48:29.351  INFO DESKTOP-D81905L --- [           main] c.b.g.LinGangApplication                 : Starting LinGangApplication on DESKTOP-D81905L with PID 2380 (started by seven in D:\Oblivion\Documents\Idea Workspace\lingang)
2020-01-04 18:48:29.363  INFO DESKTOP-D81905L --- [           main] c.b.g.LinGangApplication                 : No active profile set, falling back to default profiles: default
2020-01-04 18:48:30.557  INFO DESKTOP-D81905L --- [           main] .s.d.r.c.RepositoryConfigurationDelegate : Multiple Spring Data modules found, entering strict repository configuration mode!
2020-01-04 18:48:30.561  INFO DESKTOP-D81905L --- [           main] .s.d.r.c.RepositoryConfigurationDelegate : Bootstrapping Spring Data repositories in DEFAULT mode.
2020-01-04 18:48:30.606  INFO DESKTOP-D81905L --- [           main] .s.d.r.c.RepositoryConfigurationDelegate : Finished Spring Data repository scanning in 22ms. Found 0 repository interfaces.
2020-01-04 18:48:31.142  INFO DESKTOP-D81905L --- [           main] trationDelegate$BeanPostProcessorChecker : Bean 'org.springframework.transaction.annotation.ProxyTransactionManagementConfiguration' of type [org.springframework.transaction.annotation.ProxyTransactionManagementConfiguration] is not eligible for getting processed by all BeanPostProcessors (for example: not eligible for auto-proxying)
2020-01-04 18:48:31.504  INFO DESKTOP-D81905L --- [           main] o.s.b.w.e.t.TomcatWebServer              : Tomcat initialized with port(s): 8081 (http)
2020-01-04 18:48:31.516  INFO DESKTOP-D81905L --- [           main] o.a.c.h.Http11NioProtocol                : Initializing ProtocolHandler ["http-nio-8081"]
2020-01-04 18:48:31.517  INFO DESKTOP-D81905L --- [           main] o.a.c.c.StandardService                  : Starting service [Tomcat]
2020-01-04 18:48:31.517  INFO DESKTOP-D81905L --- [           main] o.a.c.c.StandardEngine                   : Starting Servlet engine: [Apache Tomcat/9.0.27]
2020-01-04 18:48:31.695  INFO DESKTOP-D81905L --- [           main] o.a.c.c.C.[.[.[/]                        : Initializing Spring embedded WebApplicationContext
2020-01-04 18:48:31.696  INFO DESKTOP-D81905L --- [           main] o.s.w.c.ContextLoader                    : Root WebApplicationContext: initialization completed in 2242 ms
2020-01-04 18:48:32.658  WARN DESKTOP-D81905L --- [           main] o.t.t.TemplateMode                       : [THYMELEAF][main] Template Mode 'HTML5' is deprecated. Using Template Mode 'HTML' instead.
2020-01-04 18:48:33.239  INFO DESKTOP-D81905L --- [           main] o.s.s.c.ThreadPoolTaskExecutor           : Initializing ExecutorService 'applicationTaskExecutor'
2020-01-04 18:48:33.296  INFO DESKTOP-D81905L --- [           main] o.s.b.a.w.s.WelcomePageHandlerMapping    : Adding welcome page template: index
2020-01-04 18:48:33.558  INFO DESKTOP-D81905L --- [           main] d.s.w.p.DocumentationPluginsBootstrapper : Context refreshed
2020-01-04 18:48:33.576  INFO DESKTOP-D81905L --- [           main] d.s.w.p.DocumentationPluginsBootstrapper : Found 1 custom documentation plugin(s)
2020-01-04 18:48:33.589  INFO DESKTOP-D81905L --- [           main] s.d.s.w.s.ApiListingReferenceScanner     : Scanning for api listing references
2020-01-04 18:48:33.608  INFO DESKTOP-D81905L --- [           main] o.a.c.h.Http11NioProtocol                : Starting ProtocolHandler ["http-nio-8081"]
2020-01-04 18:48:33.639  INFO DESKTOP-D81905L --- [           main] o.s.b.w.e.t.TomcatWebServer              : Tomcat started on port(s): 8081 (http) with context path ''
2020-01-04 18:48:33.643  INFO DESKTOP-D81905L --- [           main] c.b.g.LinGangApplication                 : Started LinGangApplication in 4.672 seconds (JVM running for 6.89)
2020-01-04 18:57:01.835  INFO DESKTOP-D81905L --- [nio-8081-exec-1] o.a.c.c.C.[.[.[/]                        : Initializing Spring DispatcherServlet 'dispatcherServlet'
2020-01-04 18:57:01.835  INFO DESKTOP-D81905L --- [nio-8081-exec-1] o.s.w.s.DispatcherServlet                : Initializing Servlet 'dispatcherServlet'
2020-01-04 18:57:01.846  INFO DESKTOP-D81905L --- [nio-8081-exec-1] o.s.w.s.DispatcherServlet                : Completed initialization in 11 ms
2020-01-04 18:57:01.918  INFO DESKTOP-D81905L --- [nio-8081-exec-1] c.z.h.HikariDataSource                   : HikariPool-1 - Starting...
2020-01-04 18:57:02.200  INFO DESKTOP-D81905L --- [nio-8081-exec-1] c.z.h.HikariDataSource                   : HikariPool-1 - Start completed.
2020-01-04 19:06:49.178  WARN DESKTOP-D81905L --- [nio-8081-exec-5] .w.s.m.s.DefaultHandlerExceptionResolver : Resolved [org.springframework.web.HttpMediaTypeNotSupportedException: Content type 'application/x-www-form-urlencoded;charset=UTF-8' not supported]
2020-01-04 19:11:13.688  WARN DESKTOP-D81905L --- [nio-8081-exec-9] .w.s.m.s.DefaultHandlerExceptionResolver : Resolved [org.springframework.web.HttpMediaTypeNotSupportedException: Content type 'application/x-www-form-urlencoded;charset=UTF-8' not supported]
2020-01-04 19:11:25.710  WARN DESKTOP-D81905L --- [io-8081-exec-10] .w.s.m.s.DefaultHandlerExceptionResolver : Resolved [org.springframework.web.HttpMediaTypeNotSupportedException: Content type 'application/x-www-form-urlencoded;charset=UTF-8' not supported]
2020-01-04 19:12:35.036  WARN DESKTOP-D81905L --- [nio-8081-exec-2] .w.s.m.s.DefaultHandlerExceptionResolver : Resolved [org.springframework.web.HttpMediaTypeNotSupportedException: Content type 'application/x-www-form-urlencoded;charset=UTF-8' not supported]
2020-01-04 19:14:25.850  WARN DESKTOP-D81905L --- [nio-8081-exec-4] .w.s.m.s.DefaultHandlerExceptionResolver : Resolved [org.springframework.web.HttpMediaTypeNotSupportedException: Content type 'application/x-www-form-urlencoded;charset=UTF-8' not supported]
2020-01-04 19:20:15.516  WARN DESKTOP-D81905L --- [nio-8081-exec-8] .w.s.m.s.DefaultHandlerExceptionResolver : Resolved [org.springframework.web.HttpMediaTypeNotSupportedException: Content type 'application/x-www-form-urlencoded;charset=UTF-8' not supported]
